<?xml version="1.0" encoding="UTF-8"?>
<testng-results skipped="0" failed="0" total="5" passed="5">
  <reporter-output>
  </reporter-output>
  <suite name="Suite" duration-ms="20247" started-at="2015-04-22T09:03:13Z" finished-at="2015-04-22T09:03:33Z">
    <groups>
    </groups>
    <test name="GoogleTest" duration-ms="20247" started-at="2015-04-22T09:03:13Z" finished-at="2015-04-22T09:03:33Z">
      <class name="com.test.google.application.search.GoogleTest">
        <test-method status="PASS" signature="setUp()[pri:0, instance:com.test.google.application.search.GoogleTest@a6d14e]" name="setUp" is-config="true" duration-ms="14373" started-at="2015-04-22T02:03:13Z" finished-at="2015-04-22T02:03:27Z">
          <reporter-output>
          </reporter-output>
        </test-method> <!-- setUp -->
        <test-method status="PASS" signature="openGoogleTest()[pri:0, instance:com.test.google.application.search.GoogleTest@a6d14e]" name="openGoogleTest" duration-ms="2902" started-at="2015-04-22T02:03:27Z" finished-at="2015-04-22T02:03:30Z">
          <reporter-output>
          </reporter-output>
        </test-method> <!-- openGoogleTest -->
        <test-method status="PASS" signature="verifyResultPageTest()[pri:0, instance:com.test.google.application.search.GoogleTest@a6d14e]" name="verifyResultPageTest" duration-ms="1055" started-at="2015-04-22T02:03:30Z" finished-at="2015-04-22T02:03:31Z">
          <reporter-output>
          </reporter-output>
        </test-method> <!-- verifyResultPageTest -->
        <test-method status="PASS" signature="verifyImagePresenceTest()[pri:0, instance:com.test.google.application.search.GoogleTest@a6d14e]" name="verifyImagePresenceTest" duration-ms="140" started-at="2015-04-22T02:03:31Z" finished-at="2015-04-22T02:03:31Z">
          <reporter-output>
          </reporter-output>
        </test-method> <!-- verifyImagePresenceTest -->
        <test-method status="PASS" signature="verifyURLString()[pri:0, instance:com.test.google.application.search.GoogleTest@a6d14e]" name="verifyURLString" duration-ms="180" started-at="2015-04-22T02:03:31Z" finished-at="2015-04-22T02:03:31Z">
          <reporter-output>
          </reporter-output>
        </test-method> <!-- verifyURLString -->
        <test-method status="PASS" signature="verifySearchBoxText()[pri:0, instance:com.test.google.application.search.GoogleTest@a6d14e]" name="verifySearchBoxText" duration-ms="94" started-at="2015-04-22T02:03:31Z" finished-at="2015-04-22T02:03:32Z">
          <reporter-output>
          </reporter-output>
        </test-method> <!-- verifySearchBoxText -->
        <test-method status="PASS" signature="tearDown()[pri:0, instance:com.test.google.application.search.GoogleTest@a6d14e]" name="tearDown" is-config="true" duration-ms="1475" started-at="2015-04-22T02:03:32Z" finished-at="2015-04-22T02:03:33Z">
          <reporter-output>
          </reporter-output>
        </test-method> <!-- tearDown -->
      </class> <!-- com.test.google.application.search.GoogleTest -->
    </test> <!-- GoogleTest -->
  </suite> <!-- Suite -->
</testng-results>
